1D Array:
 [1 2 3]
2D Array:
 [[1 2 3]
 [4 5 6]]
3D Array:
 [[[ 0  1  2]
  [ 3  4  5]]

 [[ 6  7  8]
  [ 9 10 11]]

 [[12 13 14]
  [15 16 17]]

 [[18 19 20]
  [21 22 23]]]
Elementwise Addition:
[2 4 6]
[[[ 1  3  5]
  [ 7  9 11]]

 [[ 7  9 11]
  [13 15 17]]]
Elementwise Multiplication:
[[ 1  4  9]
 [16 25 36]]
Broadcast Addition 2d to 1d:
[[2 4 6]
 [5 7 9]]
Broadcast Addition 2d to 3d:
[[[ 1  3  5]
  [ 7  9 11]]

 [[ 7  9 11]
  [13 15 17]]

 [[13 15 17]
  [19 21 23]]

 [[19 21 23]
  [25 27 29]]]
Reshaping to (1,2,3):
[[[1 2 3]
  [4 5 6]]]
Reshaping to (2,1,3):
[[[1 2 3]]

 [[4 5 6]]]
Reshaped add giving (2,2,3):
[[[ 2  4  6]
  [ 5  7  9]]

 [[ 5  7  9]
  [ 8 10 12]]]
Matrix Multiplication (mat_a x mat_b):
 [[ 58  64]
 [139 154]]
Coordinates:
[[ 9.7023012   0.18769686]
 [ 1.17905859  8.66752135]
 [ 4.87541263 -5.77815489]
 [ 5.27130857  0.49360491]
 [-0.57171657 -6.15134223]]
Rotated Coordinates:
[[ 9.51460433  9.88999806]
 [-7.48846277  9.84657994]
 [10.65356752 -0.90274226]
 [ 4.77770366  5.76491348]
 [ 5.57962567 -6.7230588 ]]
